<?xml version="1.0" encoding="UTF-8"?>
<!-- Generated by org.testng.reporters.JUnitReportReporter -->
<testsuite hostname="KAMAL-PC" name="demo.TestClass" tests="2" failures="0" timestamp="11 Apr 2020 07:50:44 GMT" time="0.007" errors="0">
  <testcase name="method1" time="0.007" classname="demo.TestClass"/>
  <testcase name="method2" time="0.000" classname="demo.TestClass"/>
</testsuite> <!-- demo.TestClass -->
